# Activity Log

> Real-time tool call logging from stream-parser.


═══════════════════════════════════════════════════════════════
Ralph Session Started: Thu Jan  8 06:02:36 PM CST 2026
═══════════════════════════════════════════════════════════════
[18:02:38] 🟢 TOKENS: 0 / 80000 (0%)

═══════════════════════════════════════════════════════════════
Ralph Session Started: Thu Jan  8 06:02:40 PM CST 2026
═══════════════════════════════════════════════════════════════
[18:02:42] 🟢 TOKENS: 0 / 80000 (0%)

═══════════════════════════════════════════════════════════════
Ralph Session Started: Thu Jan  8 06:02:44 PM CST 2026
═══════════════════════════════════════════════════════════════
[18:02:46] 🟢 TOKENS: 0 / 80000 (0%)

═══════════════════════════════════════════════════════════════
Ralph Session Started: Thu Jan  8 06:02:48 PM CST 2026
═══════════════════════════════════════════════════════════════
[18:02:50] 🟢 TOKENS: 0 / 80000 (0%)

═══════════════════════════════════════════════════════════════
Ralph Session Started: Thu Jan  8 06:02:52 PM CST 2026
═══════════════════════════════════════════════════════════════
